生成启动时间为 2014-02-24 21:58:04。
     1>项目“D:\code\cocos2d-x-2.2\cocos2d-x-2.2\samples\Cpp\game\proj.win32\game.vcxproj.vcxproj.vcxproj”在节点 2 上(Build 个目标)。
     1>ClCompile:
         D:\Program Files (x86)\Microsoft Visual Studio 11.0\VC\bin\CL.exe /c /I"D:\code\cocos2d-x-2.2\cocos2d-x-2.2\samples\Cpp\game\proj.win32\..\..\..\..\cocos2dx" /I"D:\code\cocos2d-x-2.2\cocos2d-x-2.2\samples\Cpp\game\proj.win32\..\..\..\..\cocos2dx\include" /I"D:\code\cocos2d-x-2.2\cocos2d-x-2.2\samples\Cpp\game\proj.win32\..\..\..\..\cocos2dx\kazmath\include" /I"D:\code\cocos2d-x-2.2\cocos2d-x-2.2\samples\Cpp\game\proj.win32\..\..\..\..\cocos2dx\platform\win32" /I"D:\code\cocos2d-x-2.2\cocos2d-x-2.2\samples\Cpp\game\proj.win32\..\..\..\..\cocos2dx\platform\third_party\win32\OGLES" /I..\Classes /I"D:\code\cocos2d-x-2.2\cocos2d-x-2.2\samples\Cpp\game\proj.win32\..\..\..\..\extensions" /I"D:\code\cocos2d-x-2.2\cocos2d-x-2.2\samples\Cpp\game\proj.win32\..\..\..\..\cocos2dx\platform\third_party\win32\pthread" /ZI /nologo /W3 /WX- /Od /Oy- /D WIN32 /D _DEBUG /D _WINDOWS /D COCOS2D_DEBUG=1 /D _CRT_SECURE_NO_WARNINGS /D _SCL_SECURE_NO_WARNINGS /D _UNICODE /D UNICODE /GF /Gm /EHsc /RTC1 /MDd /GS /fp:precise /Zc:wchar_t /Zc:forScope /Fo"Debug.win32\\" /Fd"Debug.win32\vc110.pdb" /Gd /TP /wd4267 /wd4251 /wd4244 /analyze- /errorReport:prompt ..\Classes\game\login\LoginMediator.cpp
         LoginMediator.cpp
     1>d:\code\cocos2d-x-2.2\cocos2d-x-2.2\samples\cpp\game\classes\game\login\loginmediator.cpp(61): warning C4407: 在指向成员表示形式的不同指针之间进行转换，编译器可能生成不正确的代码
     1>d:\code\cocos2d-x-2.2\cocos2d-x-2.2\samples\cpp\game\classes\game\login\loginmediator.cpp(62): warning C4407: 在指向成员表示形式的不同指针之间进行转换，编译器可能生成不正确的代码
       Link:
         D:\Program Files (x86)\Microsoft Visual Studio 11.0\VC\bin\link.exe /ERRORREPORT:PROMPT /OUT:"D:\code\cocos2d-x-2.2\cocos2d-x-2.2\Debug.win32\game.exe" /INCREMENTAL /NOLOGO /LIBPATH:"D:\code\cocos2d-x-2.2\cocos2d-x-2.2\Debug.win32\\" opengl32.lib glew32.lib libcocos2d.lib libExtensions.lib pthreadVCE2.lib kernel32.lib user32.lib gdi32.lib winspool.lib comdlg32.lib advapi32.lib shell32.lib ole32.lib oleaut32.lib uuid.lib odbc32.lib odbccp32.lib /MANIFEST /MANIFESTUAC:"level='asInvoker' uiAccess='false'" /manifest:embed /DEBUG /PDB:"D:\code\cocos2d-x-2.2\cocos2d-x-2.2\Debug.win32\game.pdb" /SUBSYSTEM:WINDOWS /TLBID:1 /DYNAMICBASE /NXCOMPAT /IMPLIB:"D:\code\cocos2d-x-2.2\cocos2d-x-2.2\Debug.win32\game.lib" /MACHINE:X86 /SAFESEH Debug.win32\AppDelegate.obj
         Debug.win32\GameScene.obj
         Debug.win32\SceneManager.obj
         Debug.win32\ApplicationCommand.obj
         Debug.win32\LoginCommand.obj
         Debug.win32\LoginFacade.obj
         Debug.win32\LoginMediator.obj
         Debug.win32\LoginProxy.obj
         Debug.win32\testScene.obj
         Debug.win32\testScene1.obj
         Debug.win32\UIScene.obj
         Debug.win32\Lock.obj
         Debug.win32\Controller.obj
         Debug.win32\Model.obj
         Debug.win32\View.obj
         Debug.win32\Facade.obj
         Debug.win32\Mediator.obj
         Debug.win32\Notifier.obj
         Debug.win32\MessageQueue.obj
         Debug.win32\NetManager.obj
         Debug.win32\odsocket.obj
         Debug.win32\Runnable.obj
         Debug.win32\Thread.obj
         Debug.win32\StringHelper.obj
         Debug.win32\UtilCocostudio.obj
         Debug.win32\UtilView.obj
         Debug.win32\main.obj
         "D:\code\cocos2d-x-2.2\cocos2d-x-2.2\Debug.win32\libcocos2d.lib"
         "D:\code\cocos2d-x-2.2\cocos2d-x-2.2\Debug.win32\libCocosDenshion.lib"
         "D:\code\cocos2d-x-2.2\cocos2d-x-2.2\Debug.win32\libExtensions.lib"
         game.vcxproj.vcxproj.vcxproj -> D:\code\cocos2d-x-2.2\cocos2d-x-2.2\Debug.win32\game.exe
     1>已完成生成项目“D:\code\cocos2d-x-2.2\cocos2d-x-2.2\samples\Cpp\game\proj.win32\game.vcxproj.vcxproj.vcxproj”(Build 个目标)的操作。

生成成功。

已用时间 00:00:04.01
